<?xml version="1.0" encoding="UTF-8"?>
<!-- Generated by org.testng.reporters.JUnitReportReporter -->
<testsuite hostname="342-MC-C02C3F9TMD6M.local" failures="0" tests="2" name="testcases.CreditCardTest" time="4.028" errors="0" timestamp="2022-05-12T22:26:18 IST" skipped="0">
  <testcase classname="testcases.CreditCardTest" name="valid_values_verification_test" time="2.645"/>
  <system-out>
    <![CDATA[null
1]]>
  </system-out>
  <testcase classname="testcases.CreditCardTest" name="errors_verification_test" time="1.383"/>
  <system-out>
    <![CDATA[null
1]]>
  </system-out>
</testsuite> <!-- testcases.CreditCardTest -->
